<?xml version="1.0" encoding="UTF-8"?>
<testng-results skipped="0" failed="0" ignored="1" total="2" passed="1">
  <reporter-output>
  </reporter-output>
  <suite name="Suite" duration-ms="67675" started-at="2021-02-11T20:05:36 EST" finished-at="2021-02-11T20:06:44 EST">
    <groups>
    </groups>
    <test name="Test" duration-ms="67675" started-at="2021-02-11T20:05:36 EST" finished-at="2021-02-11T20:06:44 EST">
      <class name="Test.Suite1">
        <test-method status="PASS" signature="login()[pri:2, instance:Test.Suite1@23faf8f2]" name="login" duration-ms="67578" started-at="2021-02-11T20:05:36 EST" finished-at="2021-02-11T20:06:44 EST">
          <reporter-output>
          </reporter-output>
        </test-method> <!-- login -->
      </class> <!-- Test.Suite1 -->
    </test> <!-- Test -->
  </suite> <!-- Suite -->
</testng-results>
